---------- Date: 2015-01-26 22:33:00 ~ IP : 127.0.0.1 ----------
REQUEST URI : /admin/index.php?route=module/kbm&amp;token=d0356cc421cd89a45f86b8d15a24073b
MOD DETAILS:
   modFile   : D:\work\openServer\OpenServer\domains\treeKidsDecao\vqmod/xml/kulerthemes_cp.xml
   id        : KulerThemes
   version   : 
   vqmver    : 
   author    : kulerthemes.com

File Name    : admin/view/template/module/*.tpl(1)
VQModObject::applyMod - SEARCH NOT FOUND (ABORTING MOD): html += '      <option value="content_top"><?php echo $text_content_top; ?></option>';

----------------------------------------------------------------------


---------- Date: 2015-01-26 22:33:03 ~ IP : 127.0.0.1 ----------
REQUEST URI : /admin/index.php?route=module/kbm/article&amp;token=d0356cc421cd89a45f86b8d15a24073b
MOD DETAILS:
   modFile   : D:\work\openServer\OpenServer\domains\treeKidsDecao\vqmod/xml/kulerthemes_cp.xml
   id        : KulerThemes
   version   : 
   vqmver    : 
   author    : kulerthemes.com

File Name    : admin/view/template/module/*.tpl(1)
VQModObject::applyMod - SEARCH NOT FOUND (ABORTING MOD): html += '      <option value="content_top"><?php echo $text_content_top; ?></option>';

----------------------------------------------------------------------


---------- Date: 2015-01-26 22:33:05 ~ IP : 127.0.0.1 ----------
REQUEST URI : /admin/index.php?route=module/kbm/category&amp;token=d0356cc421cd89a45f86b8d15a24073b
MOD DETAILS:
   modFile   : D:\work\openServer\OpenServer\domains\treeKidsDecao\vqmod/xml/kulerthemes_cp.xml
   id        : KulerThemes
   version   : 
   vqmver    : 
   author    : kulerthemes.com

File Name    : admin/view/template/module/*.tpl(1)
VQModObject::applyMod - SEARCH NOT FOUND (ABORTING MOD): html += '      <option value="content_top"><?php echo $text_content_top; ?></option>';

----------------------------------------------------------------------


---------- Date: 2015-01-26 22:33:07 ~ IP : 127.0.0.1 ----------
REQUEST URI : /admin/index.php?route=module/kbm/comment&amp;token=d0356cc421cd89a45f86b8d15a24073b
MOD DETAILS:
   modFile   : D:\work\openServer\OpenServer\domains\treeKidsDecao\vqmod/xml/kulerthemes_cp.xml
   id        : KulerThemes
   version   : 
   vqmver    : 
   author    : kulerthemes.com

File Name    : admin/view/template/module/*.tpl(1)
VQModObject::applyMod - SEARCH NOT FOUND (ABORTING MOD): html += '      <option value="content_top"><?php echo $text_content_top; ?></option>';

----------------------------------------------------------------------


---------- Date: 2015-01-26 22:33:52 ~ IP : 127.0.0.1 ----------
REQUEST URI : /admin/index.php?route=module/kbm_mod_popular_article&amp;token=3721f179b569096dcef5518742d61826
MOD DETAILS:
   modFile   : D:\work\openServer\OpenServer\domains\treeKidsDecao\vqmod/xml/kulerthemes_cp.xml
   id        : KulerThemes
   version   : 
   vqmver    : 
   author    : kulerthemes.com

File Name    : admin/view/template/module/*.tpl(1)
VQModObject::applyMod - SEARCH NOT FOUND (ABORTING MOD): html += '      <option value="content_top"><?php echo $text_content_top; ?></option>';

----------------------------------------------------------------------


---------- Date: 2015-01-26 23:36:26 ~ IP : 127.0.0.1 ----------
REQUEST URI : /admin/index.php?route=module/kbm/author&amp;token=f4abec68e9058b5ddd2fc1b95f8a353f
MOD DETAILS:
   modFile   : D:\work\openServer\OpenServer\domains\treeKidsDecao\vqmod/xml/kulerthemes_cp.xml
   id        : KulerThemes
   version   : 
   vqmver    : 
   author    : kulerthemes.com

File Name    : admin/view/template/module/*.tpl(1)
VQModObject::applyMod - SEARCH NOT FOUND (ABORTING MOD): html += '      <option value="content_top"><?php echo $text_content_top; ?></option>';

----------------------------------------------------------------------


---------- Date: 2015-01-26 23:36:29 ~ IP : 127.0.0.1 ----------
REQUEST URI : /admin/index.php?route=module/kbm/setting&amp;token=f4abec68e9058b5ddd2fc1b95f8a353f
MOD DETAILS:
   modFile   : D:\work\openServer\OpenServer\domains\treeKidsDecao\vqmod/xml/kulerthemes_cp.xml
   id        : KulerThemes
   version   : 
   vqmver    : 
   author    : kulerthemes.com

File Name    : admin/view/template/module/*.tpl(1)
VQModObject::applyMod - SEARCH NOT FOUND (ABORTING MOD): html += '      <option value="content_top"><?php echo $text_content_top; ?></option>';

----------------------------------------------------------------------


---------- Date: 2015-01-26 23:49:37 ~ IP : 127.0.0.1 ----------
REQUEST URI : /admin/index.php?route=module/kbm/category_insert&amp;token=f4abec68e9058b5ddd2fc1b95f8a353f
MOD DETAILS:
   modFile   : D:\work\openServer\OpenServer\domains\treeKidsDecao\vqmod/xml/kulerthemes_cp.xml
   id        : KulerThemes
   version   : 
   vqmver    : 
   author    : kulerthemes.com

File Name    : admin/view/template/module/*.tpl(1)
VQModObject::applyMod - SEARCH NOT FOUND (ABORTING MOD): html += '      <option value="content_top"><?php echo $text_content_top; ?></option>';

----------------------------------------------------------------------


