---------- Date: 2015-01-27 00:00:27 ~ IP : 127.0.0.1 ----------
REQUEST URI : /admin/index.php?route=module/kbm_mod_article_tag&amp;token=6f89fe87405dd8f001f2f6903dc6b783
MOD DETAILS:
   modFile   : D:\work\openServer\OpenServer\domains\treeKidsDecao\vqmod/xml/kulerthemes_cp.xml
   id        : KulerThemes
   version   : 
   vqmver    : 
   author    : kulerthemes.com

File Name    : admin/view/template/module/*.tpl(1)
VQModObject::applyMod - SEARCH NOT FOUND (ABORTING MOD): html += '      <option value="content_top"><?php echo $text_content_top; ?></option>';

----------------------------------------------------------------------


---------- Date: 2015-01-27 00:00:36 ~ IP : 127.0.0.1 ----------
REQUEST URI : /admin/index.php?route=module/kbm_mod_category&amp;token=6f89fe87405dd8f001f2f6903dc6b783
MOD DETAILS:
   modFile   : D:\work\openServer\OpenServer\domains\treeKidsDecao\vqmod/xml/kulerthemes_cp.xml
   id        : KulerThemes
   version   : 
   vqmver    : 
   author    : kulerthemes.com

File Name    : admin/view/template/module/*.tpl(1)
VQModObject::applyMod - SEARCH NOT FOUND (ABORTING MOD): html += '      <option value="content_top"><?php echo $text_content_top; ?></option>';

----------------------------------------------------------------------


---------- Date: 2015-01-27 01:04:26 ~ IP : 127.0.0.1 ----------
REQUEST URI : /admin/index.php?route=module/kuler_showcase&amp;token=5f2fb102ea30a0230e5949e41193d11b
MOD DETAILS:
   modFile   : D:\work\openServer\OpenServer\domains\treeKidsDecao\vqmod/xml/kulerthemes_cp.xml
   id        : KulerThemes
   version   : 
   vqmver    : 
   author    : kulerthemes.com

File Name    : admin/view/template/module/*.tpl(1)
VQModObject::applyMod - SEARCH NOT FOUND (ABORTING MOD): html += '      <option value="content_top"><?php echo $text_content_top; ?></option>';

----------------------------------------------------------------------


---------- Date: 2015-01-27 01:19:17 ~ IP : 127.0.0.1 ----------
REQUEST URI : /admin/index.php?route=module/kbm_mod_archive&amp;token=5f2fb102ea30a0230e5949e41193d11b
MOD DETAILS:
   modFile   : D:\work\openServer\OpenServer\domains\treeKidsDecao\vqmod/xml/kulerthemes_cp.xml
   id        : KulerThemes
   version   : 
   vqmver    : 
   author    : kulerthemes.com

File Name    : admin/view/template/module/*.tpl(1)
VQModObject::applyMod - SEARCH NOT FOUND (ABORTING MOD): html += '      <option value="content_top"><?php echo $text_content_top; ?></option>';

----------------------------------------------------------------------


---------- Date: 2015-01-27 01:26:13 ~ IP : 127.0.0.1 ----------
REQUEST URI : /admin/index.php?route=module/kbm_mod_recent_article&amp;token=5f2fb102ea30a0230e5949e41193d11b
MOD DETAILS:
   modFile   : D:\work\openServer\OpenServer\domains\treeKidsDecao\vqmod/xml/kulerthemes_cp.xml
   id        : KulerThemes
   version   : 
   vqmver    : 
   author    : kulerthemes.com

File Name    : admin/view/template/module/*.tpl(1)
VQModObject::applyMod - SEARCH NOT FOUND (ABORTING MOD): html += '      <option value="content_top"><?php echo $text_content_top; ?></option>';

----------------------------------------------------------------------


