---------- Date: 2015-01-10 08:07:15 ~ IP : 118.71.218.234 ----------
REQUEST URI : /decao/5/admin/index.php?route=module/kbm&amp;token=7ae0a0d9c787949b74e09247fc239a54
MOD DETAILS:
   modFile   : /home/kladmin/public_html/demo.kulerthemes/decao/5/vqmod/xml/kulerthemes_cp.xml
   id        : KulerThemes
   version   : 
   vqmver    : 
   author    : kulerthemes.com

File Name    : admin/view/template/module/*.tpl(1)
VQModObject::applyMod - SEARCH NOT FOUND (ABORTING MOD): html += '      <option value="content_top"><?php echo $text_content_top; ?></option>';

----------------------------------------------------------------------


---------- Date: 2015-01-10 08:07:19 ~ IP : 118.71.218.234 ----------
REQUEST URI : /decao/5/admin/index.php?route=module/kbm/author&amp;token=7ae0a0d9c787949b74e09247fc239a54
MOD DETAILS:
   modFile   : /home/kladmin/public_html/demo.kulerthemes/decao/5/vqmod/xml/kulerthemes_cp.xml
   id        : KulerThemes
   version   : 
   vqmver    : 
   author    : kulerthemes.com

File Name    : admin/view/template/module/*.tpl(1)
VQModObject::applyMod - SEARCH NOT FOUND (ABORTING MOD): html += '      <option value="content_top"><?php echo $text_content_top; ?></option>';

----------------------------------------------------------------------


---------- Date: 2015-01-10 08:07:28 ~ IP : 118.71.218.234 ----------
REQUEST URI : /decao/5/admin/index.php?route=module/kbm/article&amp;token=7ae0a0d9c787949b74e09247fc239a54
MOD DETAILS:
   modFile   : /home/kladmin/public_html/demo.kulerthemes/decao/5/vqmod/xml/kulerthemes_cp.xml
   id        : KulerThemes
   version   : 
   vqmver    : 
   author    : kulerthemes.com

File Name    : admin/view/template/module/*.tpl(1)
VQModObject::applyMod - SEARCH NOT FOUND (ABORTING MOD): html += '      <option value="content_top"><?php echo $text_content_top; ?></option>';

----------------------------------------------------------------------


---------- Date: 2015-01-10 08:07:30 ~ IP : 118.71.218.234 ----------
REQUEST URI : /decao/5/admin/index.php?route=module/kbm/article_edit&amp;article_id=3&amp;token=7ae0a0d9c787949b74e09247fc239a54
MOD DETAILS:
   modFile   : /home/kladmin/public_html/demo.kulerthemes/decao/5/vqmod/xml/kulerthemes_cp.xml
   id        : KulerThemes
   version   : 
   vqmver    : 
   author    : kulerthemes.com

File Name    : admin/view/template/module/*.tpl(1)
VQModObject::applyMod - SEARCH NOT FOUND (ABORTING MOD): html += '      <option value="content_top"><?php echo $text_content_top; ?></option>';

----------------------------------------------------------------------


---------- Date: 2015-01-10 08:13:50 ~ IP : 118.71.218.234 ----------
REQUEST URI : /decao/5/admin/index.php?route=module/kuler_demo_builder&amp;token=7ae0a0d9c787949b74e09247fc239a54
MOD DETAILS:
   modFile   : /home/kladmin/public_html/demo.kulerthemes/decao/5/vqmod/xml/kulerthemes_cp.xml
   id        : KulerThemes
   version   : 
   vqmver    : 
   author    : kulerthemes.com

File Name    : admin/view/template/module/*.tpl(1)
VQModObject::applyMod - SEARCH NOT FOUND (ABORTING MOD): html += '      <option value="content_top"><?php echo $text_content_top; ?></option>';

----------------------------------------------------------------------


